{
  "RSpec": {
    "coverage": {
      "/Users/danielclements/Projects/bank_tech_test/spec/bank_spec.rb": {
        "lines": [
          null,
          null,
          1,
          1,
          null,
          1,
          null,
          null,
          null,
          null,
          1,
          6,
          null,
          null,
          1,
          1,
          1,
          1,
          1,
          null,
          null,
          null,
          1,
          1,
          1,
          1,
          1,
          1,
          null,
          null,
          null,
          1,
          1,
          1,
          1,
          1,
          1,
          null,
          null,
          null,
          1,
          1,
          1,
          1,
          1,
          1,
          null,
          null,
          null,
          1,
          1,
          1,
          1,
          1,
          1,
          null,
          null,
          null,
          1,
          1,
          1,
          1,
          1,
          1,
          null,
          null,
          null,
          1,
          1,
          1,
          1,
          1,
          null,
          null,
          null,
          1,
          1,
          1,
          1,
          1,
          1,
          1,
          1,
          1,
          1,
          null,
          null,
          null,
          1,
          1,
          1,
          1,
          1,
          1,
          1,
          1,
          null,
          null
        ]
      },
      "/Users/danielclements/Projects/bank_tech_test/lib/bank.rb": {
        "lines": [
          null,
          null,
          1,
          1,
          null,
          null,
          1,
          1,
          null,
          1,
          9,
          9,
          null,
          null,
          1,
          10,
          10,
          null,
          null,
          1,
          4,
          4,
          null,
          null,
          1,
          2,
          null,
          null
        ]
      },
      "/Users/danielclements/Projects/bank_tech_test/lib/statement.rb": {
        "lines": [
          null,
          null,
          null,
          1,
          1,
          null,
          1,
          9,
          null,
          null,
          1,
          14,
          null,
          null,
          null,
          null,
          null,
          null,
          null,
          1,
          2,
          2,
          5,
          5,
          null,
          2,
          null,
          null,
          1,
          15,
          null,
          10,
          null,
          null
        ]
      }
    },
    "timestamp": 1635339807
  }
}
